<?xml version="1.0" encoding="UTF-8"?>
<testng-results skipped="0" failed="0" total="9" passed="9">
  <reporter-output>
  </reporter-output>
  <suite name="CARegressionUITestScenarios" duration-ms="842727" started-at="2016-04-30T03:09:15Z" finished-at="2016-04-30T03:23:18Z">
    <groups>
      <group name="UITest">
        <method signature="com.qa.mobileapp.tests.PaymentTests.TC_01_testVerifyPaymentScreenVisiblity()" name="TC_01_testVerifyPaymentScreenVisiblity" class="com.qa.mobileapp.tests.PaymentTests"/>
        <method signature="com.qa.mobileapp.tests.PaymentTests.TC_02_testVerifyCashInHandANDDepositedTabVisiblity()" name="TC_02_testVerifyCashInHandANDDepositedTabVisiblity" class="com.qa.mobileapp.tests.PaymentTests"/>
        <method signature="com.qa.mobileapp.tests.PaymentTests.TC_03_testVerifyRefreshButtonVisiblity()" name="TC_03_testVerifyRefreshButtonVisiblity" class="com.qa.mobileapp.tests.PaymentTests"/>
        <method signature="com.qa.mobileapp.tests.PaymentTests.TC_04_testVerifyAmountTypeUserAndDateFieldVisibiltyOnCashInHandTab()" name="TC_04_testVerifyAmountTypeUserAndDateFieldVisibiltyOnCashInHandTab" class="com.qa.mobileapp.tests.PaymentTests"/>
        <method signature="com.qa.mobileapp.tests.PaymentTests.TC_05_testVerifyCheckBoxOnCashInHandTab()" name="TC_05_testVerifyCheckBoxOnCashInHandTab" class="com.qa.mobileapp.tests.PaymentTests"/>
        <method signature="com.qa.mobileapp.tests.PaymentTests.TC_06_testVerifyDepositButtonVisiblityOnSelectingCheckBox()" name="TC_06_testVerifyDepositButtonVisiblityOnSelectingCheckBox" class="com.qa.mobileapp.tests.PaymentTests"/>
        <method signature="com.qa.mobileapp.tests.PaymentTests.TC_07_testVerifyBranchCityAndNotesFieldVisiblityOnDepositScreen()" name="TC_07_testVerifyBranchCityAndNotesFieldVisiblityOnDepositScreen" class="com.qa.mobileapp.tests.PaymentTests"/>
        <method signature="com.qa.mobileapp.tests.PaymentTests.TC_08_testVerifyOnClickDepositButtonDepositScreenVisiblity()" name="TC_08_testVerifyOnClickDepositButtonDepositScreenVisiblity" class="com.qa.mobileapp.tests.PaymentTests"/>
        <method signature="com.qa.mobileapp.tests.PaymentTests.TC_09_testVerifyDepositButtonVisiblityOnDepositScreen()" name="TC_09_testVerifyDepositButtonVisiblityOnDepositScreen" class="com.qa.mobileapp.tests.PaymentTests"/>
      </group>
    </groups>
    <test name="PaymentTests" duration-ms="842727" started-at="2016-04-30T03:09:15Z" finished-at="2016-04-30T03:23:18Z">
      <class name="com.qa.mobileapp.tests.PaymentTests">
        <test-method status="PASS" signature="setUp()" name="setUp" is-config="true" duration-ms="14218" started-at="2016-04-30T03:09:15Z" finished-at="2016-04-30T03:09:29Z">
        </test-method>
        <test-method status="PASS" signature="initPayment()" name="initPayment" is-config="true" duration-ms="88278" started-at="2016-04-30T03:09:29Z" finished-at="2016-04-30T03:10:58Z">
        </test-method>
        <test-method status="PASS" signature="initPageObjects()" name="initPageObjects" is-config="true" duration-ms="4" started-at="2016-04-30T03:10:58Z" finished-at="2016-04-30T03:10:58Z">
        </test-method>
        <test-method status="PASS" signature="TC_01_testVerifyPaymentScreenVisiblity()" name="TC_01_testVerifyPaymentScreenVisiblity" duration-ms="4529" started-at="2016-04-30T03:10:58Z" finished-at="2016-04-30T03:11:02Z">
        </test-method>
        <test-method status="PASS" signature="ensurePaymentPage()" name="ensurePaymentPage" is-config="true" duration-ms="27515" started-at="2016-04-30T03:11:02Z" finished-at="2016-04-30T03:11:30Z">
        </test-method>
        <test-method status="PASS" signature="initPageObjects()" name="initPageObjects" is-config="true" duration-ms="0" started-at="2016-04-30T03:11:30Z" finished-at="2016-04-30T03:11:30Z">
        </test-method>
        <test-method status="PASS" signature="TC_02_testVerifyCashInHandANDDepositedTabVisiblity()" name="TC_02_testVerifyCashInHandANDDepositedTabVisiblity" duration-ms="4461" started-at="2016-04-30T03:11:30Z" finished-at="2016-04-30T03:11:34Z">
        </test-method>
        <test-method status="PASS" signature="ensurePaymentPage()" name="ensurePaymentPage" is-config="true" duration-ms="27187" started-at="2016-04-30T03:11:34Z" finished-at="2016-04-30T03:12:01Z">
        </test-method>
        <test-method status="PASS" signature="initPageObjects()" name="initPageObjects" is-config="true" duration-ms="1" started-at="2016-04-30T03:12:01Z" finished-at="2016-04-30T03:12:01Z">
        </test-method>
        <test-method status="PASS" signature="TC_03_testVerifyRefreshButtonVisiblity()" name="TC_03_testVerifyRefreshButtonVisiblity" duration-ms="4440" started-at="2016-04-30T03:12:01Z" finished-at="2016-04-30T03:12:06Z">
        </test-method>
        <test-method status="PASS" signature="ensurePaymentPage()" name="ensurePaymentPage" is-config="true" duration-ms="27087" started-at="2016-04-30T03:12:06Z" finished-at="2016-04-30T03:12:33Z">
        </test-method>
        <test-method status="PASS" signature="TC_04_testVerifyAmountTypeUserAndDateFieldVisibiltyOnCashInHandTab()" name="TC_04_testVerifyAmountTypeUserAndDateFieldVisibiltyOnCashInHandTab" duration-ms="4462" started-at="2016-04-30T03:12:33Z" finished-at="2016-04-30T03:12:37Z">
        </test-method>
        <test-method status="PASS" signature="initPageObjects()" name="initPageObjects" is-config="true" duration-ms="0" started-at="2016-04-30T03:12:33Z" finished-at="2016-04-30T03:12:33Z">
        </test-method>
        <test-method status="PASS" signature="ensurePaymentPage()" name="ensurePaymentPage" is-config="true" duration-ms="27079" started-at="2016-04-30T03:12:37Z" finished-at="2016-04-30T03:13:04Z">
        </test-method>
        <test-method status="PASS" signature="initPageObjects()" name="initPageObjects" is-config="true" duration-ms="0" started-at="2016-04-30T03:13:04Z" finished-at="2016-04-30T03:13:04Z">
        </test-method>
        <test-method status="PASS" signature="TC_05_testVerifyCheckBoxOnCashInHandTab()" name="TC_05_testVerifyCheckBoxOnCashInHandTab" duration-ms="4481" started-at="2016-04-30T03:13:04Z" finished-at="2016-04-30T03:13:09Z">
        </test-method>
        <test-method status="PASS" signature="ensurePaymentPage()" name="ensurePaymentPage" is-config="true" duration-ms="27153" started-at="2016-04-30T03:13:09Z" finished-at="2016-04-30T03:13:36Z">
        </test-method>
        <test-method status="PASS" signature="initPageObjects()" name="initPageObjects" is-config="true" duration-ms="0" started-at="2016-04-30T03:13:36Z" finished-at="2016-04-30T03:13:36Z">
        </test-method>
        <test-method status="PASS" signature="TC_06_testVerifyDepositButtonVisiblityOnSelectingCheckBox()" name="TC_06_testVerifyDepositButtonVisiblityOnSelectingCheckBox" duration-ms="4765" started-at="2016-04-30T03:13:36Z" finished-at="2016-04-30T03:13:41Z">
        </test-method>
        <test-method status="PASS" signature="ensurePaymentPage()" name="ensurePaymentPage" is-config="true" duration-ms="27634" started-at="2016-04-30T03:13:41Z" finished-at="2016-04-30T03:14:08Z">
        </test-method>
        <test-method status="PASS" signature="initPageObjects()" name="initPageObjects" is-config="true" duration-ms="0" started-at="2016-04-30T03:14:08Z" finished-at="2016-04-30T03:14:08Z">
        </test-method>
        <test-method status="PASS" signature="TC_07_testVerifyBranchCityAndNotesFieldVisiblityOnDepositScreen()" name="TC_07_testVerifyBranchCityAndNotesFieldVisiblityOnDepositScreen" duration-ms="9625" started-at="2016-04-30T03:14:08Z" finished-at="2016-04-30T03:14:18Z">
        </test-method>
        <test-method status="PASS" signature="ensurePaymentPage()" name="ensurePaymentPage" is-config="true" duration-ms="172688" started-at="2016-04-30T03:14:18Z" finished-at="2016-04-30T03:17:11Z">
        </test-method>
        <test-method status="PASS" signature="initPageObjects()" name="initPageObjects" is-config="true" duration-ms="0" started-at="2016-04-30T03:17:11Z" finished-at="2016-04-30T03:17:11Z">
        </test-method>
        <test-method status="PASS" signature="TC_08_testVerifyOnClickDepositButtonDepositScreenVisiblity()" name="TC_08_testVerifyOnClickDepositButtonDepositScreenVisiblity" duration-ms="9391" started-at="2016-04-30T03:17:11Z" finished-at="2016-04-30T03:17:20Z">
        </test-method>
        <test-method status="PASS" signature="ensurePaymentPage()" name="ensurePaymentPage" is-config="true" duration-ms="173046" started-at="2016-04-30T03:17:20Z" finished-at="2016-04-30T03:20:13Z">
        </test-method>
        <test-method status="PASS" signature="initPageObjects()" name="initPageObjects" is-config="true" duration-ms="1" started-at="2016-04-30T03:20:13Z" finished-at="2016-04-30T03:20:13Z">
        </test-method>
        <test-method status="PASS" signature="TC_09_testVerifyDepositButtonVisiblityOnDepositScreen()" name="TC_09_testVerifyDepositButtonVisiblityOnDepositScreen" duration-ms="9311" started-at="2016-04-30T03:20:13Z" finished-at="2016-04-30T03:20:23Z">
        </test-method>
        <test-method status="PASS" signature="ensurePaymentPage()" name="ensurePaymentPage" is-config="true" duration-ms="173868" started-at="2016-04-30T03:20:23Z" finished-at="2016-04-30T03:23:16Z">
        </test-method>
        <test-method status="PASS" signature="cleanUp()" name="cleanUp" is-config="true" duration-ms="1488" started-at="2016-04-30T03:23:16Z" finished-at="2016-04-30T03:23:18Z">
        </test-method>
      </class>
    </test>
  </suite>
</testng-results>
