<?xml version="1.0" encoding="UTF-8"?>
<testsuite hostname="sapna-testlead" name="com.qa.mobileapp.tests.DashboardTests" tests="35" failures="0" timestamp="28 Apr 2016 04:55:02 GMT" time="1419.828" errors="0">
  <testcase name="TC_01_testVerifyCheckInStatusVisibilityOnDashboardScreen" time="0.032" classname="com.qa.mobileapp.tests.DashboardTests"/>
  <testcase name="TC_04_testVerifyProfileScreenVisibility" time="3.885" classname="com.qa.mobileapp.tests.DashboardTests"/>
  <testcase name="TC_05_testVerifyOnTopDashboardNavVisibilty" time="0.042" classname="com.qa.mobileapp.tests.DashboardTests"/>
  <testcase name="TC_06_testVerifyClincianNameVisibility" time="2.222" classname="com.qa.mobileapp.tests.DashboardTests"/>
  <testcase name="TC_07_testVerifyClincianProfessionVisibility" time="1.216" classname="com.qa.mobileapp.tests.DashboardTests"/>
  <testcase name="TC_08_testVerifyClincianCashInHandVisibility" time="2.357" classname="com.qa.mobileapp.tests.DashboardTests"/>
  <testcase name="TC_09_testVerifyClincianWorkingHrsVisibility" time="2.224" classname="com.qa.mobileapp.tests.DashboardTests"/>
  <testcase name="TC_10_testVerifyAppointmentNavVisibility" time="1.187" classname="com.qa.mobileapp.tests.DashboardTests"/>
  <testcase name="TC_11_testVerifyOnTapAppointmentNavAppointmentScreenVisibility" time="4.474" classname="com.qa.mobileapp.tests.DashboardTests"/>
  <testcase name="TC_12_testVerifyPatientNavVisibility" time="2.272" classname="com.qa.mobileapp.tests.DashboardTests"/>
  <testcase name="TC_13_testVerifyOnTapPatientNavPatientScreenVisibility" time="4.458" classname="com.qa.mobileapp.tests.DashboardTests"/>
  <testcase name="TC_14_testVerifyCalendarNavVisibility" time="2.221" classname="com.qa.mobileapp.tests.DashboardTests"/>
  <testcase name="TC_15_testVerifyOnTapCalendarNavCalendarScreenVisibility" time="4.686" classname="com.qa.mobileapp.tests.DashboardTests"/>
  <testcase name="TC_16_testVerifyPaymentNavVisibility" time="2.241" classname="com.qa.mobileapp.tests.DashboardTests"/>
  <testcase name="TC_17_testVerifyOnTapPaymentNavPaymentsScreenVisibility" time="4.453" classname="com.qa.mobileapp.tests.DashboardTests"/>
  <testcase name="TC_18_testVerifyCaseFileNavVisibility" time="2.717" classname="com.qa.mobileapp.tests.DashboardTests"/>
  <testcase name="TC_19_testVerifyOnTapCaseFileNavCaseFilesScreenVisibility" time="4.464" classname="com.qa.mobileapp.tests.DashboardTests"/>
  <testcase name="TC_20_testVerifyLeavesNavVisibility" time="2.229" classname="com.qa.mobileapp.tests.DashboardTests"/>
  <testcase name="TC_21_testVerifyOnTapLeaveNavLeavesScreenVisibility" time="4.466" classname="com.qa.mobileapp.tests.DashboardTests"/>
  <testcase name="TC_22_testVerifyReportNavVisibility" time="6.716" classname="com.qa.mobileapp.tests.DashboardTests"/>
  <testcase name="TC_23_testVerifyOnTapReportsNavReportsScreenVisibility" time="9.756" classname="com.qa.mobileapp.tests.DashboardTests"/>
  <testcase name="TC_24_testVerifyCampsNavVisibility" time="2.248" classname="com.qa.mobileapp.tests.DashboardTests"/>
  <testcase name="TC_25_testVerifyOnTapCampNavCampScreenVisibility" time="4.499" classname="com.qa.mobileapp.tests.DashboardTests"/>
  <testcase name="TC_26_testVerifyAlertsNavVisibility" time="2.262" classname="com.qa.mobileapp.tests.DashboardTests"/>
  <testcase name="TC_27_testVerifyOnTapAlertsNavAlertsScreenVisibility" time="4.483" classname="com.qa.mobileapp.tests.DashboardTests"/>
  <testcase name="TC_28_testVerifyReferPatientNavVisibility" time="7.369" classname="com.qa.mobileapp.tests.DashboardTests"/>
  <testcase name="TC_29_testVerifyOnTapReferPatientNavReferAPatientScreenVisibility" time="9.024" classname="com.qa.mobileapp.tests.DashboardTests"/>
  <testcase name="TC_30_testVerifyFeedbackNavVisibility" time="6.293" classname="com.qa.mobileapp.tests.DashboardTests"/>
  <testcase name="TC_31_testVerifyOnTapFeedbackNavFeedbackScreenVisibility" time="9.184" classname="com.qa.mobileapp.tests.DashboardTests"/>
  <testcase name="TC_32_testVerifyLogoutNavVisibility" time="6.34" classname="com.qa.mobileapp.tests.DashboardTests"/>
  <testcase name="TC_33_testVerifyOnTapLogoutNavLogoutScreenVisibility" time="8.135" classname="com.qa.mobileapp.tests.DashboardTests"/>
  <testcase name="TS_01_testVerifyLoginAsLOngTermNursing" time="87.315" classname="com.qa.mobileapp.tests.LoginTests"/>
  <testcase name="TS_01_testVerifyLoginAsPhlebotomists" time="84.133" classname="com.qa.mobileapp.tests.LoginTests"/>
  <testcase name="TS_01_testVerifyLoginAsShortTermNursing" time="89.97" classname="com.qa.mobileapp.tests.LoginTests"/>
  <testcase name="TS_01_testVerifyLoginSuccessfully" time="90.725" classname="com.qa.mobileapp.tests.LoginTests"/>
</testsuite>
