<?xml version="1.0" encoding="UTF-8"?>
<testsuite hostname="sapna-testlead" name="com.qa.mobileapp.tests.AppointmentTests" tests="133" failures="0" timestamp="1 May 2016 22:38:39 GMT" time="13509.252" errors="0">
  <testcase name="TC_011_testVerifyClosedAppointmentsOptionVisiblity" time="5.983" classname="com.qa.mobileapp.tests.AppointmentTests"/>
  <testcase name="TC_012_testVerifyOpenAppointmentsOptionVisiblity" time="5.854" classname="com.qa.mobileapp.tests.AppointmentTests"/>
  <testcase name="TC_01_testVerifyAppointmentScreenVisiblity" time="4.935" classname="com.qa.mobileapp.tests.AppointmentTests"/>
  <testcase name="TC_02_testVerifyPastTabVisibiltyOnAppointmentScreen" time="4.464" classname="com.qa.mobileapp.tests.AppointmentTests"/>
  <testcase name="TC_02_testVerifyTodayTabVisibiltyOnAppointmentScreen" time="4.479" classname="com.qa.mobileapp.tests.AppointmentTests"/>
  <testcase name="TC_02_testVerifyUpcomingTabVisibiltyOnAppointmentScreen" time="4.46" classname="com.qa.mobileapp.tests.AppointmentTests"/>
  <testcase name="TC_03_testVerifyTodaysAppointmentListVisibility" time="14.971" classname="com.qa.mobileapp.tests.AppointmentTests"/>
  <testcase name="TC_04_testVerifyUpcomingAppointmentListVisibility" time="14.972" classname="com.qa.mobileapp.tests.AppointmentTests"/>
  <testcase name="TC_05_testVerifyPastAppointmentListVisibility" time="15.151" classname="com.qa.mobileapp.tests.AppointmentTests"/>
  <testcase name="TC_06_testVerifyAllAppointmentsOptionVisiblity" time="5.861" classname="com.qa.mobileapp.tests.AppointmentTests"/>
  <testcase name="TC_07_testVerifyPatientDetailsVisiblity" time="9.168" classname="com.qa.mobileapp.tests.AppointmentTests"/>
  <testcase name="TC_09_testVerifyOnPendingAppointmentConfirmButtonVisiblity" time="4.916" classname="com.qa.mobileapp.tests.AppointmentTests"/>
  <testcase name="TC_13_testOnTapPatientNameAppointmentDetailsScreenVisibilty" time="7.575" classname="com.qa.mobileapp.tests.AppointmentTests"/>
  <testcase name="TC_14_testOnAppointmentDetailsScreenPatientTabVisibilty" time="7.627" classname="com.qa.mobileapp.tests.AppointmentTests"/>
  <testcase name="TC_15_testOnAppointmentDetailsScreenPaymentTabVisibilty" time="7.568" classname="com.qa.mobileapp.tests.AppointmentTests"/>
  <testcase name="TC_16_testOnAppointmentDetailsScreenAppointmentTabVisibilty" time="7.759" classname="com.qa.mobileapp.tests.AppointmentTests"/>
  <testcase name="TC_17_testOnAppointmentDetailsScreenMenuOptionVisibilty" time="7.575" classname="com.qa.mobileapp.tests.AppointmentTests"/>
  <testcase name="TC_18_testOnAppointmentDetailsScreenMenuCheckVitalsOptionVisibilty" time="9.913" classname="com.qa.mobileapp.tests.AppointmentTests"/>
  <testcase name="TC_19_testOnAppointmentDetailsScreenMenuViewVitalsOptionVisibilty" time="9.977" classname="com.qa.mobileapp.tests.AppointmentTests"/>
  <testcase name="TC_20_testOnTapMenuOptionCheckVitalCheckVitalsScreenVisibilty" time="12.392" classname="com.qa.mobileapp.tests.AppointmentTests"/>
  <testcase name="TC_21_testViewVitalsScreenVisibilty" time="22.593" classname="com.qa.mobileapp.tests.AppointmentTests"/>
  <testcase name="TC_22_testVerifyOnTabFabButtonAddAppointmentOptionsVisiblity" time="10.199" classname="com.qa.mobileapp.tests.AppointmentTests"/>
  <testcase name="TC_23_testVerifyOnTabFabButtonAddCaseOptionsVisiblity" time="10.353" classname="com.qa.mobileapp.tests.AppointmentTests"/>
  <testcase name="TC_24_testVerifyOnTabFabButtonUploadOptionsVisiblity" time="9.836" classname="com.qa.mobileapp.tests.AppointmentTests"/>
  <testcase name="TC_25_testVerifyOnTabFabButtonPayOptionsVisiblity" time="10.106" classname="com.qa.mobileapp.tests.AppointmentTests"/>
  <testcase name="TC_26_testVerifyOnTabFabButtonAddAppointmentOptionsAddAppointmentScreenVisiblity" time="21.88" classname="com.qa.mobileapp.tests.AppointmentTests"/>
  <testcase name="TC_27_testVerifyOnTabFabButtonAddCaseOptionsCaseDetailsScreenVisiblity" time="12.409" classname="com.qa.mobileapp.tests.AppointmentTests"/>
  <testcase name="TC_28_testVerifyOnTabFabButtonUploadOptionsAddDocumentPopUpVisiblity" time="72.194" classname="com.qa.mobileapp.tests.AppointmentTests"/>
  <testcase name="TC_29_testVerifyOnTabFabButtonPayOptionsPaymentScreenVisiblity" time="12.83" classname="com.qa.mobileapp.tests.AppointmentTests"/>
  <testcase name="TC_30_testVerifyOnTabFabButtonAddAppointmentAddAppointmentDetailsScreenVisiblity" time="64.632" classname="com.qa.mobileapp.tests.AppointmentTests"/>
  <testcase name="TC_31_testVerifyOnPayScreenCashAndOnlineTabsVisiblity" time="13.697" classname="com.qa.mobileapp.tests.AppointmentTests"/>
  <testcase name="TC_32_testVerifyOnCashPaymentScreenCashAndChequeOptionsVisiblity" time="12.498" classname="com.qa.mobileapp.tests.AppointmentTests"/>
  <testcase name="TC_33_testVerifyOnEnterChequeAmountIssueBankDetailsTextboxVisibilty" time="19.658" classname="com.qa.mobileapp.tests.AppointmentTests"/>
  <testcase name="TC_35_testVerifyWalletBalanceSendOTPLinkVisibilty" time="24.06" classname="com.qa.mobileapp.tests.AppointmentTests"/>
  <testcase name="TC_36_testVerifyEnterAmountOnlineEmailIdMobileNoSendLinkVisibilty" time="33.439" classname="com.qa.mobileapp.tests.AppointmentTests"/>
  <testcase name="TC_37_testVerifyOnAddAppointmentScreenCurrentMonthYearVisibilty" time="22.982" classname="com.qa.mobileapp.tests.AppointmentTests"/>
  <testcase name="TC_38_testVerifyOnTapCaseFabButtonCaseDetailsAndAddCaseOptionsVisibilty" time="12.462" classname="com.qa.mobileapp.tests.AppointmentTests"/>
  <testcase name="TC_39_testVerifyOnTapAddCaseButtonAlertWindowWithYesNoOptionVisibilty" time="14.631" classname="com.qa.mobileapp.tests.AppointmentTests"/>
  <testcase name="TC_40_testVerifyOnTapYesForAddCaseRedirectToPhysioApp" time="16.227" classname="com.qa.mobileapp.tests.AppointmentTests"/>
  <testcase name="TC_41_testVerifyOnTapNOForRedirectToCaseScreen" time="19.283" classname="com.qa.mobileapp.tests.AppointmentTests"/>
  <testcase name="TC_42_testVerifyAddDocumentScreenElementsVisiblity" time="12.231" classname="com.qa.mobileapp.tests.AppointmentTests"/>
  <testcase name="TC_43_testVerifyForConfirmedApptAddApptRescheduleCallToCancelReachedfabOptionsVisiblity" time="11.816" classname="com.qa.mobileapp.tests.AppointmentTests"/>
  <testcase name="testVerifyPatientDetailsVisibilty" time="10.454" classname="com.qa.mobileapp.tests.AppointmentTests"/>
  <testcase name="TC01testVerifyCalendarScreenVisiblity" time="2.595" classname="com.qa.mobileapp.tests.CalendarTests"/>
  <testcase name="TC02testVerifyNextsliderButtonvisiblity" time="9.761" classname="com.qa.mobileapp.tests.CalendarTests"/>
  <testcase name="TC02testVerifyPreviousSliderbuttonVisiblity" time="10.121" classname="com.qa.mobileapp.tests.CalendarTests"/>
  <testcase name="TC03testVerifysaveCheckButtonOnCalendarScreenVisiblity" time="4.564" classname="com.qa.mobileapp.tests.CalendarTests"/>
  <testcase name="TC05testVerifyappointmentdetailsVisiblity" time="5.449" classname="com.qa.mobileapp.tests.CalendarTests"/>
  <testcase name="TC08testVerifyHomeBackButtonOnCalendarScreenVisiblity" time="10.752" classname="com.qa.mobileapp.tests.CalendarTests"/>
  <testcase name="testVerifyCasefileScreenVisiblity" time="22.635" classname="com.qa.mobileapp.tests.CasefileTests$CalendarTests"/>
  <testcase name="TC_01_testVerifyCheckInStatusVisibilityOnDashboardScreen" time="0.019" classname="com.qa.mobileapp.tests.DashboardTests"/>
  <testcase name="TC_04_testVerifyProfileScreenVisibility" time="3.844" classname="com.qa.mobileapp.tests.DashboardTests"/>
  <testcase name="TC_05_testVerifyOnTopDashboardNavVisibilty" time="0.03" classname="com.qa.mobileapp.tests.DashboardTests"/>
  <testcase name="TC_06_testVerifyClincianNameVisibility" time="2.246" classname="com.qa.mobileapp.tests.DashboardTests"/>
  <testcase name="TC_07_testVerifyClincianProfessionVisibility" time="1.209" classname="com.qa.mobileapp.tests.DashboardTests"/>
  <testcase name="TC_08_testVerifyClincianCashInHandVisibility" time="2.231" classname="com.qa.mobileapp.tests.DashboardTests"/>
  <testcase name="TC_09_testVerifyClincianWorkingHrsVisibility" time="2.218" classname="com.qa.mobileapp.tests.DashboardTests"/>
  <testcase name="TC_10_testVerifyAppointmentNavVisibility" time="1.287" classname="com.qa.mobileapp.tests.DashboardTests"/>
  <testcase name="TC_11_testVerifyOnTapAppointmentNavAppointmentScreenVisibility" time="4.074" classname="com.qa.mobileapp.tests.DashboardTests"/>
  <testcase name="TC_12_testVerifyPatientNavVisibility" time="2.336" classname="com.qa.mobileapp.tests.DashboardTests"/>
  <testcase name="TC_13_testVerifyOnTapPatientNavPatientScreenVisibility" time="4.487" classname="com.qa.mobileapp.tests.DashboardTests"/>
  <testcase name="TC_14_testVerifyCalendarNavVisibility" time="2.22" classname="com.qa.mobileapp.tests.DashboardTests"/>
  <testcase name="TC_15_testVerifyOnTapCalendarNavCalendarScreenVisibility" time="4.9" classname="com.qa.mobileapp.tests.DashboardTests"/>
  <testcase name="TC_16_testVerifyPaymentNavVisibility" time="2.231" classname="com.qa.mobileapp.tests.DashboardTests"/>
  <testcase name="TC_17_testVerifyOnTapPaymentNavPaymentsScreenVisibility" time="4.481" classname="com.qa.mobileapp.tests.DashboardTests"/>
  <testcase name="TC_18_testVerifyCaseFileNavVisibility" time="2.215" classname="com.qa.mobileapp.tests.DashboardTests"/>
  <testcase name="TC_19_testVerifyOnTapCaseFileNavCaseFilesScreenVisibility" time="4.483" classname="com.qa.mobileapp.tests.DashboardTests"/>
  <testcase name="TC_20_testVerifyLeavesNavVisibility" time="2.304" classname="com.qa.mobileapp.tests.DashboardTests"/>
  <testcase name="TC_21_testVerifyOnTapLeaveNavLeavesScreenVisibility" time="4.497" classname="com.qa.mobileapp.tests.DashboardTests"/>
  <testcase name="TC_22_testVerifyReportNavVisibility" time="6.257" classname="com.qa.mobileapp.tests.DashboardTests"/>
  <testcase name="TC_23_testVerifyOnTapReportsNavReportsScreenVisibility" time="9.404" classname="com.qa.mobileapp.tests.DashboardTests"/>
  <testcase name="TC_24_testVerifyCampsNavVisibility" time="2.352" classname="com.qa.mobileapp.tests.DashboardTests"/>
  <testcase name="TC_25_testVerifyOnTapCampNavCampScreenVisibility" time="4.485" classname="com.qa.mobileapp.tests.DashboardTests"/>
  <testcase name="TC_26_testVerifyAlertsNavVisibility" time="2.286" classname="com.qa.mobileapp.tests.DashboardTests"/>
  <testcase name="TC_27_testVerifyOnTapAlertsNavAlertsScreenVisibility" time="4.642" classname="com.qa.mobileapp.tests.DashboardTests"/>
  <testcase name="TC_28_testVerifyReferPatientNavVisibility" time="7.494" classname="com.qa.mobileapp.tests.DashboardTests"/>
  <testcase name="TC_29_testVerifyOnTapReferPatientNavReferAPatientScreenVisibility" time="9.44" classname="com.qa.mobileapp.tests.DashboardTests"/>
  <testcase name="TC_30_testVerifyFeedbackNavVisibility" time="6.212" classname="com.qa.mobileapp.tests.DashboardTests"/>
  <testcase name="TC_31_testVerifyOnTapFeedbackNavFeedbackScreenVisibility" time="9.343" classname="com.qa.mobileapp.tests.DashboardTests"/>
  <testcase name="TC_32_testVerifyLogoutNavVisibility" time="6.078" classname="com.qa.mobileapp.tests.DashboardTests"/>
  <testcase name="TC_33_testVerifyOnTapLogoutNavLogoutScreenVisibility" time="8.37" classname="com.qa.mobileapp.tests.DashboardTests"/>
  <testcase name="testVerifyFeedBackScreenVisiblity" time="7.167" classname="com.qa.mobileapp.tests.FeedbackTests"/>
  <testcase name="testVerifySearchButtonVisibilty" time="7.359" classname="com.qa.mobileapp.tests.FeedbackTests"/>
  <testcase name="TC_01_ForgotPasswordScreenVisiblity" time="3.512" classname="com.qa.mobileapp.tests.ForgotPasswordTests"/>
  <testcase name="TC_02_EnterMobileNoLabelVisiblity" time="1.406" classname="com.qa.mobileapp.tests.ForgotPasswordTests"/>
  <testcase name="TC_04_testVerifyEnterMobileNoFieldVisiblity" time="1.411" classname="com.qa.mobileapp.tests.ForgotPasswordTests"/>
  <testcase name="TC_05_testVerifySendOTPButtonVisiblity" time="1.388" classname="com.qa.mobileapp.tests.ForgotPasswordTests"/>
  <testcase name="TC_01testVerifyLeaveScreenVisiblity" time="6.445" classname="com.qa.mobileapp.tests.LeaveTests"/>
  <testcase name="TC_02testVerifyApplyButtonVisiblity" time="4.428" classname="com.qa.mobileapp.tests.LeaveTests"/>
  <testcase name="TC_03testVerifyHolidayTabVisiblity" time="9.604" classname="com.qa.mobileapp.tests.LeaveTests"/>
  <testcase name="TC_04testVerifyLeavesTabVisiblity" time="9.809" classname="com.qa.mobileapp.tests.LeaveTests"/>
  <testcase name="TC_05testVerifyOvertimescreenVisiblity" time="6.73" classname="com.qa.mobileapp.tests.LeaveTests"/>
  <testcase name="TC_06testApplybuttonVisiblity" time="6.755" classname="com.qa.mobileapp.tests.LeaveTests"/>
  <testcase name="TC_07testApplybuttonTapVisiblity" time="22.653" classname="com.qa.mobileapp.tests.LeaveTests"/>
  <testcase name="TC_01_testLogOutNavBarVisibilty" time="5.622" classname="com.qa.mobileapp.tests.LogOutTests"/>
  <testcase name="TC_02_testVerifyLogoutMessagePopupScreenVisibilty" time="7.469" classname="com.qa.mobileapp.tests.LogOutTests"/>
  <testcase name="TC_03_testVerifyCancelLogout" time="11.829" classname="com.qa.mobileapp.tests.LogOutTests"/>
  <testcase name="TC_01_testVerifyOnClickPatientNavBarPatientListVisibilty" time="4.221" classname="com.qa.mobileapp.tests.PatientTests"/>
  <testcase name="TC_02_testVerifyPatientDetailsVisiblity" time="4.352" classname="com.qa.mobileapp.tests.PatientTests"/>
  <testcase name="TC_03_testVerifySearchButtonVisibilityOnPatientListing" time="3.458" classname="com.qa.mobileapp.tests.PatientTests"/>
  <testcase name="TC_04_testVerifyRefreshButtonVisibilityOnPatientListing" time="3.513" classname="com.qa.mobileapp.tests.PatientTests"/>
  <testcase name="TC_05_testVerifyAddPatientButtonVisibilityOnPatientListing" time="3.522" classname="com.qa.mobileapp.tests.PatientTests"/>
  <testcase name="TC_06_testVerifyOnTapPatientNamePatientDetailsScreenVisiblity" time="6.16" classname="com.qa.mobileapp.tests.PatientTests"/>
  <testcase name="TC_07_testVerifyOnPatientDetailsScreenPatientDetailsVisiblity" time="6.445" classname="com.qa.mobileapp.tests.PatientTests"/>
  <testcase name="TC_08_testVerifyOnPatientDetailsScreenReferAServiceLinkVisiblity" time="6.213" classname="com.qa.mobileapp.tests.PatientTests"/>
  <testcase name="TC_09_testVerifyOnPatientDetailsScreenFeedbackLinkVisiblity" time="6.137" classname="com.qa.mobileapp.tests.PatientTests"/>
  <testcase name="TC_10_testVerifyOnPatientDetailsScreenRefreshImageVisiblity" time="5.636" classname="com.qa.mobileapp.tests.PatientTests"/>
  <testcase name="TC_11_testVerifyMenuOptionsOnPatientListingVisiblity" time="8.942" classname="com.qa.mobileapp.tests.PatientTests"/>
  <testcase name="TC_12_testVerifyReferServiceScreenVisiblity" time="9.263" classname="com.qa.mobileapp.tests.PatientTests"/>
  <testcase name="TC_13_testVerifyFeedbackScreenVisiblity" time="9.416" classname="com.qa.mobileapp.tests.PatientTests"/>
  <testcase name="TC_14_testVerifyAddPatientScreenVisiblity" time="6.171" classname="com.qa.mobileapp.tests.PatientTests"/>
  <testcase name="testVerifyPatientDetailsScreenVisibilty" time="5.098" classname="com.qa.mobileapp.tests.PatientTests"/>
  <testcase name="testVerifySubscribedPackageDetailsVisibilty" time="26.962" classname="com.qa.mobileapp.tests.PatientTests"/>
  <testcase name="TC_01_testVerifyPaymentScreenVisiblity" time="4.426" classname="com.qa.mobileapp.tests.PaymentTests"/>
  <testcase name="TC_02_testVerifyCashInHandANDDepositedTabVisiblity" time="4.475" classname="com.qa.mobileapp.tests.PaymentTests"/>
  <testcase name="TC_03_testVerifyRefreshButtonVisiblity" time="4.43" classname="com.qa.mobileapp.tests.PaymentTests"/>
  <testcase name="TC_04_testVerifyAmountTypeUserAndDateFieldVisibiltyOnCashInHandTab" time="4.402" classname="com.qa.mobileapp.tests.PaymentTests"/>
  <testcase name="TC_05_testVerifyCheckBoxOnCashInHandTab" time="4.438" classname="com.qa.mobileapp.tests.PaymentTests"/>
  <testcase name="TC_06_testVerifyDepositButtonVisiblityOnSelectingCheckBox" time="4.661" classname="com.qa.mobileapp.tests.PaymentTests"/>
  <testcase name="TC_07_testVerifyBranchCityAndNotesFieldVisiblityOnDepositScreen" time="9.345" classname="com.qa.mobileapp.tests.PaymentTests"/>
  <testcase name="TC_08_testVerifyOnClickDepositButtonDepositScreenVisiblity" time="9.261" classname="com.qa.mobileapp.tests.PaymentTests"/>
  <testcase name="TC_09_testVerifyDepositButtonVisiblityOnDepositScreen" time="9.421" classname="com.qa.mobileapp.tests.PaymentTests"/>
  <testcase name="TS_01_testVerifyProfessionalDetailsVisiblity" time="4.542" classname="com.qa.mobileapp.tests.ProfileTests"/>
  <testcase name="TS_02_testVerifyRefreshButtonVisiblity" time="3.328" classname="com.qa.mobileapp.tests.ProfileTests"/>
  <testcase name="TS_03_testVerifyEditButtonVisiblity" time="3.252" classname="com.qa.mobileapp.tests.ProfileTests"/>
  <testcase name="TS_05_testVerifyProfessionalCashInHandPendingVerificationVisiblity" time="5.514" classname="com.qa.mobileapp.tests.ProfileTests"/>
  <testcase name="tc_02_testVerifyPatientDetailsPage" time="10.721" classname="com.qa.mobileapp.tests.ReferPatientTests"/>
  <testcase name="tc_03_testVerifyPatientDetailsSubmittion" time="10.453" classname="com.qa.mobileapp.tests.ReferPatientTests"/>
  <testcase name="tc_03_testVerifyReferPatientOnSideMenu" time="7.431" classname="com.qa.mobileapp.tests.ReferPatientTests"/>
  <testcase name="tc_04_testCancelOptionOnPatientPage" time="10.091" classname="com.qa.mobileapp.tests.ReferPatientTests"/>
  <testcase name="tc_02_testVerifyTimingLeaveAppointment" time="20.894" classname="com.qa.mobileapp.tests.ReportTests"/>
  <testcase name="tc_03_testVerfyCnclnContinueBtn" time="8.156" classname="com.qa.mobileapp.tests.ReportTests"/>
  <testcase name="tc_06_testVerifyCancelBtn" time="7.668" classname="com.qa.mobileapp.tests.ReportTests"/>
</testsuite>
